  [1m[35m (277.6ms)[0m  [1m[35mCREATE TABLE "schema_migrations" ("version" character varying NOT NULL PRIMARY KEY)[0m
  [1m[35m (50.5ms)[0m  [1m[35mCREATE TABLE "ar_internal_metadata" ("key" character varying NOT NULL PRIMARY KEY, "value" character varying, "created_at" timestamp NOT NULL, "updated_at" timestamp NOT NULL)[0m
  [1m[35m (42.1ms)[0m  [1m[34mSELECT pg_try_advisory_lock(8577920485796844000)[0m
  [1m[35m (9.8ms)[0m  [1m[34mSELECT "schema_migrations"."version" FROM "schema_migrations" ORDER BY "schema_migrations"."version" ASC[0m
Migrating to CreatePosts (20180325092520)
  [1m[35m (0.3ms)[0m  [1m[35mBEGIN[0m
  [1m[35m (153.5ms)[0m  [1m[35mCREATE TABLE "posts" ("id" bigserial primary key, "name" character varying, "comment" text, "created_at" timestamp NOT NULL, "updated_at" timestamp NOT NULL)[0m
  [1m[35mSQL (0.6ms)[0m  [1m[32mINSERT INTO "schema_migrations" ("version") VALUES ($1) RETURNING "version"[0m  [["version", "20180325092520"]]
  [1m[35m (1.4ms)[0m  [1m[35mCOMMIT[0m
  [1m[36mActiveRecord::InternalMetadata Load (0.7ms)[0m  [1m[34mSELECT  "ar_internal_metadata".* FROM "ar_internal_metadata" WHERE "ar_internal_metadata"."key" = $1 LIMIT $2[0m  [["key", "environment"], ["LIMIT", 1]]
  [1m[35m (0.3ms)[0m  [1m[35mBEGIN[0m
  [1m[35mSQL (32.8ms)[0m  [1m[32mINSERT INTO "ar_internal_metadata" ("key", "value", "created_at", "updated_at") VALUES ($1, $2, $3, $4) RETURNING "key"[0m  [["key", "environment"], ["value", "development"], ["created_at", "2018-03-25 09:31:45.217495"], ["updated_at", "2018-03-25 09:31:45.217495"]]
  [1m[35m (0.6ms)[0m  [1m[35mCOMMIT[0m
  [1m[35m (0.3ms)[0m  [1m[34mSELECT pg_advisory_unlock(8577920485796844000)[0m
  [1m[35m (0.4ms)[0m  [1m[34mSELECT "schema_migrations"."version" FROM "schema_migrations" ORDER BY "schema_migrations"."version" ASC[0m
Started GET "/" for 127.0.0.1 at 2018-03-25 15:02:04 +0530
  [1m[35m (1.5ms)[0m  [1m[34mSELECT "schema_migrations"."version" FROM "schema_migrations" ORDER BY "schema_migrations"."version" ASC[0m
Processing by Rails::WelcomeController#index as HTML
  Rendering /Users/krishnauppili/.rvm/gems/ruby-2.4.1/gems/railties-5.1.5/lib/rails/templates/rails/welcome/index.html.erb
  Rendered /Users/krishnauppili/.rvm/gems/ruby-2.4.1/gems/railties-5.1.5/lib/rails/templates/rails/welcome/index.html.erb (7.6ms)
Completed 200 OK in 102ms (Views: 57.8ms | ActiveRecord: 0.0ms)


Started GET "/" for 127.0.0.1 at 2018-03-25 15:02:14 +0530
Processing by Rails::WelcomeController#index as HTML
  Rendering /Users/krishnauppili/.rvm/gems/ruby-2.4.1/gems/railties-5.1.5/lib/rails/templates/rails/welcome/index.html.erb
  Rendered /Users/krishnauppili/.rvm/gems/ruby-2.4.1/gems/railties-5.1.5/lib/rails/templates/rails/welcome/index.html.erb (2.8ms)
Completed 200 OK in 8ms (Views: 5.7ms | ActiveRecord: 0.0ms)


Started GET "/posts" for 127.0.0.1 at 2018-03-25 15:02:23 +0530
Processing by PostsController#index as HTML
  Rendering posts/index.html.erb within layouts/application
  [1m[36mPost Load (1.4ms)[0m  [1m[34mSELECT "posts".* FROM "posts"[0m
  Rendered posts/index.html.erb within layouts/application (9.2ms)
Completed 200 OK in 1805ms (Views: 1776.3ms | ActiveRecord: 5.4ms)


Started GET "/posts/new" for 127.0.0.1 at 2018-03-25 15:02:28 +0530
Processing by PostsController#new as HTML
  Rendering posts/new.html.erb within layouts/application
  Rendered posts/_form.html.erb (181.8ms)
  Rendered posts/new.html.erb within layouts/application (185.0ms)
Completed 200 OK in 243ms (Views: 203.0ms | ActiveRecord: 7.9ms)


Started POST "/posts" for 127.0.0.1 at 2018-03-25 15:58:12 +0530
Processing by PostsController#create as HTML
  Parameters: {"utf8"=>"✓", "authenticity_token"=>"5sIxB0yFAUJBSowbfsnMlWaBKtNVCkI71wZJL2dcjVldhSPoOmEChrRFYzVwMPX4cDZkjul42QXRTZHWOO5Rvg==", "post"=>{"name"=>"test1", "comment"=>"test comment"}, "commit"=>"Create Post"}
  [1m[35m (0.5ms)[0m  [1m[35mBEGIN[0m
  [1m[35mSQL (23.5ms)[0m  [1m[32mINSERT INTO "posts" ("name", "comment", "created_at", "updated_at") VALUES ($1, $2, $3, $4) RETURNING "id"[0m  [["name", "test1"], ["comment", "test comment"], ["created_at", "2018-03-25 10:28:12.997541"], ["updated_at", "2018-03-25 10:28:12.997541"]]
  [1m[35m (19.4ms)[0m  [1m[35mCOMMIT[0m
Redirected to http://localhost:3000/posts/1
Completed 302 Found in 79ms (ActiveRecord: 43.3ms)


Started GET "/posts/1" for 127.0.0.1 at 2018-03-25 15:58:13 +0530
Processing by PostsController#show as HTML
  Parameters: {"id"=>"1"}
  [1m[36mPost Load (14.9ms)[0m  [1m[34mSELECT  "posts".* FROM "posts" WHERE "posts"."id" = $1 LIMIT $2[0m  [["id", 1], ["LIMIT", 1]]
  Rendering posts/show.html.erb within layouts/application
  Rendered posts/show.html.erb within layouts/application (2.9ms)
Completed 200 OK in 457ms (Views: 350.6ms | ActiveRecord: 15.3ms)


Started GET "/posts/1/edit" for 127.0.0.1 at 2018-03-25 15:58:15 +0530
Processing by PostsController#edit as HTML
  Parameters: {"id"=>"1"}
  [1m[36mPost Load (0.5ms)[0m  [1m[34mSELECT  "posts".* FROM "posts" WHERE "posts"."id" = $1 LIMIT $2[0m  [["id", 1], ["LIMIT", 1]]
  Rendering posts/edit.html.erb within layouts/application
  Rendered posts/_form.html.erb (9.9ms)
  Rendered posts/edit.html.erb within layouts/application (13.1ms)
Completed 200 OK in 72ms (Views: 34.6ms | ActiveRecord: 0.5ms)


Started GET "/posts" for 127.0.0.1 at 2018-03-25 15:58:18 +0530
Processing by PostsController#index as HTML
  Rendering posts/index.html.erb within layouts/application
  [1m[36mPost Load (0.4ms)[0m  [1m[34mSELECT "posts".* FROM "posts"[0m
  Rendered posts/index.html.erb within layouts/application (3.1ms)
Completed 200 OK in 69ms (Views: 24.9ms | ActiveRecord: 0.4ms)


Started GET "/posts/1" for 127.0.0.1 at 2018-03-25 15:58:20 +0530
Processing by PostsController#show as HTML
  Parameters: {"id"=>"1"}
  [1m[36mPost Load (0.4ms)[0m  [1m[34mSELECT  "posts".* FROM "posts" WHERE "posts"."id" = $1 LIMIT $2[0m  [["id", 1], ["LIMIT", 1]]
  Rendering posts/show.html.erb within layouts/application
  Rendered posts/show.html.erb within layouts/application (1.2ms)
Completed 200 OK in 24ms (Views: 20.5ms | ActiveRecord: 0.4ms)


Started GET "/posts" for 127.0.0.1 at 2018-03-25 15:58:22 +0530
Processing by PostsController#index as HTML
  Rendering posts/index.html.erb within layouts/application
  [1m[36mPost Load (0.7ms)[0m  [1m[34mSELECT "posts".* FROM "posts"[0m
  Rendered posts/index.html.erb within layouts/application (4.2ms)
Completed 200 OK in 32ms (Views: 27.8ms | ActiveRecord: 0.7ms)


Started GET "/posts/new" for 127.0.0.1 at 2018-03-25 15:58:24 +0530
Processing by PostsController#new as HTML
  Rendering posts/new.html.erb within layouts/application
  Rendered posts/_form.html.erb (2.7ms)
  Rendered posts/new.html.erb within layouts/application (5.1ms)
Completed 200 OK in 78ms (Views: 25.1ms | ActiveRecord: 0.0ms)


Started POST "/posts" for 127.0.0.1 at 2018-03-25 17:54:05 +0530
Processing by PostsController#create as HTML
  Parameters: {"utf8"=>"✓", "authenticity_token"=>"46Aaees3xVah2xxKczOKMKROFs3XBXEpd+Z6ZIdCPZdY5wiWndPGklTU82R9yrNdsvlYkGt36hdxraKd2PDhcA==", "post"=>{"name"=>"test2", "comment"=>"testcomment2"}, "commit"=>"Create Post"}
  [1m[35m (0.4ms)[0m  [1m[35mBEGIN[0m
  [1m[35mSQL (1.5ms)[0m  [1m[32mINSERT INTO "posts" ("name", "comment", "created_at", "updated_at") VALUES ($1, $2, $3, $4) RETURNING "id"[0m  [["name", "test2"], ["comment", "testcomment2"], ["created_at", "2018-03-25 12:24:05.887750"], ["updated_at", "2018-03-25 12:24:05.887750"]]
  [1m[35m (0.7ms)[0m  [1m[35mCOMMIT[0m
Redirected to http://localhost:3000/posts/2
Completed 302 Found in 35ms (ActiveRecord: 2.6ms)


Started GET "/posts/2" for 127.0.0.1 at 2018-03-25 17:54:05 +0530
Processing by PostsController#show as HTML
  Parameters: {"id"=>"2"}
  [1m[36mPost Load (0.6ms)[0m  [1m[34mSELECT  "posts".* FROM "posts" WHERE "posts"."id" = $1 LIMIT $2[0m  [["id", 2], ["LIMIT", 1]]
  Rendering posts/show.html.erb within layouts/application
  Rendered posts/show.html.erb within layouts/application (3.6ms)
Completed 200 OK in 217ms (Views: 211.8ms | ActiveRecord: 0.6ms)


Started GET "/posts/2/edit" for 127.0.0.1 at 2018-03-25 17:55:41 +0530
Processing by PostsController#edit as HTML
  Parameters: {"id"=>"2"}
  [1m[36mPost Load (0.6ms)[0m  [1m[34mSELECT  "posts".* FROM "posts" WHERE "posts"."id" = $1 LIMIT $2[0m  [["id", 2], ["LIMIT", 1]]
  Rendering posts/edit.html.erb within layouts/application
  Rendered posts/_form.html.erb (13.7ms)
  Rendered posts/edit.html.erb within layouts/application (19.2ms)
Completed 200 OK in 175ms (Views: 144.3ms | ActiveRecord: 0.6ms)


Started PATCH "/posts/2" for 127.0.0.1 at 2018-03-25 17:55:48 +0530
Processing by PostsController#update as HTML
  Parameters: {"utf8"=>"✓", "authenticity_token"=>"11NyDOhOYSjr6ZByFT5VZ8qG5129tnmO+E49oQg0JpPscvzHcSuTAkeSZXycdjLdJgoXAMQOTwYKhVm7nYWP+A==", "post"=>{"name"=>"test2", "comment"=>"testcommentUpdated2"}, "commit"=>"Update Post", "id"=>"2"}
  [1m[36mPost Load (0.9ms)[0m  [1m[34mSELECT  "posts".* FROM "posts" WHERE "posts"."id" = $1 LIMIT $2[0m  [["id", 2], ["LIMIT", 1]]
  [1m[35m (0.2ms)[0m  [1m[35mBEGIN[0m
  [1m[35mSQL (0.7ms)[0m  [1m[33mUPDATE "posts" SET "comment" = $1, "updated_at" = $2 WHERE "posts"."id" = $3[0m  [["comment", "testcommentUpdated2"], ["updated_at", "2018-03-25 12:25:48.378683"], ["id", 2]]
  [1m[35m (15.9ms)[0m  [1m[35mCOMMIT[0m
Redirected to http://localhost:3000/posts/2
Completed 302 Found in 57ms (ActiveRecord: 17.7ms)


Started GET "/posts/2" for 127.0.0.1 at 2018-03-25 17:55:48 +0530
Processing by PostsController#show as HTML
  Parameters: {"id"=>"2"}
  [1m[36mPost Load (0.3ms)[0m  [1m[34mSELECT  "posts".* FROM "posts" WHERE "posts"."id" = $1 LIMIT $2[0m  [["id", 2], ["LIMIT", 1]]
  Rendering posts/show.html.erb within layouts/application
  Rendered posts/show.html.erb within layouts/application (1.4ms)
Completed 200 OK in 52ms (Views: 25.1ms | ActiveRecord: 0.3ms)


Started GET "/posts/2/edit" for 127.0.0.1 at 2018-03-25 17:55:53 +0530
Processing by PostsController#edit as HTML
  Parameters: {"id"=>"2"}
  [1m[36mPost Load (0.4ms)[0m  [1m[34mSELECT  "posts".* FROM "posts" WHERE "posts"."id" = $1 LIMIT $2[0m  [["id", 2], ["LIMIT", 1]]
  Rendering posts/edit.html.erb within layouts/application
  Rendered posts/_form.html.erb (3.4ms)
  Rendered posts/edit.html.erb within layouts/application (26.4ms)
Completed 200 OK in 56ms (Views: 52.1ms | ActiveRecord: 0.4ms)


Started PATCH "/posts/2" for 127.0.0.1 at 2018-03-25 17:55:54 +0530
Processing by PostsController#update as HTML
  Parameters: {"utf8"=>"✓", "authenticity_token"=>"OjTxPQhU0+nwnaYvFGFrUfV89IIGz6tfk7X9jfRDZBYBFX/2kTEhw1zmUyGdKQzrGfAE3393nddhfpmXYfLNfQ==", "post"=>{"name"=>"test2", "comment"=>"testcommentUpdated2"}, "commit"=>"Update Post", "id"=>"2"}
  [1m[36mPost Load (0.3ms)[0m  [1m[34mSELECT  "posts".* FROM "posts" WHERE "posts"."id" = $1 LIMIT $2[0m  [["id", 2], ["LIMIT", 1]]
  [1m[35m (0.2ms)[0m  [1m[35mBEGIN[0m
  [1m[35m (0.4ms)[0m  [1m[35mCOMMIT[0m
Redirected to http://localhost:3000/posts/2
Completed 302 Found in 6ms (ActiveRecord: 0.9ms)


Started GET "/posts/2" for 127.0.0.1 at 2018-03-25 17:55:54 +0530
Processing by PostsController#show as HTML
  Parameters: {"id"=>"2"}
  [1m[36mPost Load (0.3ms)[0m  [1m[34mSELECT  "posts".* FROM "posts" WHERE "posts"."id" = $1 LIMIT $2[0m  [["id", 2], ["LIMIT", 1]]
  Rendering posts/show.html.erb within layouts/application
  Rendered posts/show.html.erb within layouts/application (1.0ms)
Completed 200 OK in 25ms (Views: 22.2ms | ActiveRecord: 0.3ms)


Started GET "/posts" for 127.0.0.1 at 2018-03-25 17:55:55 +0530
Processing by PostsController#index as HTML
  Rendering posts/index.html.erb within layouts/application
  [1m[36mPost Load (0.6ms)[0m  [1m[34mSELECT "posts".* FROM "posts"[0m
  Rendered posts/index.html.erb within layouts/application (3.7ms)
Completed 200 OK in 65ms (Views: 30.4ms | ActiveRecord: 0.6ms)


Started GET "/posts/1" for 127.0.0.1 at 2018-03-25 17:55:59 +0530
Processing by PostsController#show as HTML
  Parameters: {"id"=>"1"}
  [1m[36mPost Load (0.4ms)[0m  [1m[34mSELECT  "posts".* FROM "posts" WHERE "posts"."id" = $1 LIMIT $2[0m  [["id", 1], ["LIMIT", 1]]
  Rendering posts/show.html.erb within layouts/application
  Rendered posts/show.html.erb within layouts/application (1.7ms)
Completed 200 OK in 29ms (Views: 24.0ms | ActiveRecord: 0.4ms)


Started GET "/posts" for 127.0.0.1 at 2018-03-25 17:56:00 +0530
Processing by PostsController#index as HTML
  Rendering posts/index.html.erb within layouts/application
  [1m[36mPost Load (0.7ms)[0m  [1m[34mSELECT "posts".* FROM "posts"[0m
  Rendered posts/index.html.erb within layouts/application (4.1ms)
Completed 200 OK in 32ms (Views: 28.2ms | ActiveRecord: 0.7ms)


Started GET "/" for 127.0.0.1 at 2018-03-25 17:56:04 +0530
Processing by Rails::WelcomeController#index as HTML
  Rendering /Users/krishnauppili/.rvm/gems/ruby-2.4.1/gems/railties-5.1.5/lib/rails/templates/rails/welcome/index.html.erb
  Rendered /Users/krishnauppili/.rvm/gems/ruby-2.4.1/gems/railties-5.1.5/lib/rails/templates/rails/welcome/index.html.erb (3.7ms)
Completed 200 OK in 64ms (Views: 7.5ms | ActiveRecord: 0.0ms)


Started GET "/posta" for 127.0.0.1 at 2018-03-25 18:07:52 +0530
  
ActionController::RoutingError (No route matches [GET] "/posta"):
  
actionpack (5.1.5) lib/action_dispatch/middleware/debug_exceptions.rb:63:in `call'
web-console (3.5.1) lib/web_console/middleware.rb:135:in `call_app'
web-console (3.5.1) lib/web_console/middleware.rb:28:in `block in call'
web-console (3.5.1) lib/web_console/middleware.rb:18:in `catch'
web-console (3.5.1) lib/web_console/middleware.rb:18:in `call'
actionpack (5.1.5) lib/action_dispatch/middleware/show_exceptions.rb:31:in `call'
railties (5.1.5) lib/rails/rack/logger.rb:36:in `call_app'
railties (5.1.5) lib/rails/rack/logger.rb:24:in `block in call'
activesupport (5.1.5) lib/active_support/tagged_logging.rb:69:in `block in tagged'
activesupport (5.1.5) lib/active_support/tagged_logging.rb:26:in `tagged'
activesupport (5.1.5) lib/active_support/tagged_logging.rb:69:in `tagged'
railties (5.1.5) lib/rails/rack/logger.rb:24:in `call'
sprockets-rails (3.2.1) lib/sprockets/rails/quiet_assets.rb:13:in `call'
actionpack (5.1.5) lib/action_dispatch/middleware/remote_ip.rb:79:in `call'
actionpack (5.1.5) lib/action_dispatch/middleware/request_id.rb:25:in `call'
rack (2.0.4) lib/rack/method_override.rb:22:in `call'
rack (2.0.4) lib/rack/runtime.rb:22:in `call'
activesupport (5.1.5) lib/active_support/cache/strategy/local_cache_middleware.rb:27:in `call'
actionpack (5.1.5) lib/action_dispatch/middleware/executor.rb:12:in `call'
actionpack (5.1.5) lib/action_dispatch/middleware/static.rb:125:in `call'
rack (2.0.4) lib/rack/sendfile.rb:111:in `call'
railties (5.1.5) lib/rails/engine.rb:522:in `call'
puma (3.11.3) lib/puma/configuration.rb:225:in `call'
puma (3.11.3) lib/puma/server.rb:624:in `handle_request'
puma (3.11.3) lib/puma/server.rb:438:in `process_client'
puma (3.11.3) lib/puma/server.rb:302:in `block in run'
puma (3.11.3) lib/puma/thread_pool.rb:120:in `block in spawn_thread'
Started GET "/posts" for 127.0.0.1 at 2018-03-25 18:07:56 +0530
Processing by PostsController#index as HTML
  Rendering posts/index.html.erb within layouts/application
  [1m[36mPost Load (1.1ms)[0m  [1m[34mSELECT "posts".* FROM "posts"[0m
  Rendered posts/index.html.erb within layouts/application (12.3ms)
Completed 200 OK in 316ms (Views: 272.6ms | ActiveRecord: 1.1ms)


Started GET "/posts/1" for 127.0.0.1 at 2018-03-25 18:09:24 +0530
Processing by PostsController#show as HTML
  Parameters: {"id"=>"1"}
  [1m[36mPost Load (0.5ms)[0m  [1m[34mSELECT  "posts".* FROM "posts" WHERE "posts"."id" = $1 LIMIT $2[0m  [["id", 1], ["LIMIT", 1]]
  Rendering posts/show.html.erb within layouts/application
  Rendered posts/show.html.erb within layouts/application (1.0ms)
Completed 200 OK in 26ms (Views: 21.7ms | ActiveRecord: 0.5ms)


Started GET "/posts/1" for 127.0.0.1 at 2018-03-25 18:09:36 +0530
Processing by PostsController#show as HTML
  Parameters: {"id"=>"1"}
  [1m[36mPost Load (0.4ms)[0m  [1m[34mSELECT  "posts".* FROM "posts" WHERE "posts"."id" = $1 LIMIT $2[0m  [["id", 1], ["LIMIT", 1]]
  Rendering posts/show.html.erb within layouts/application
  Rendered posts/show.html.erb within layouts/application (5.9ms)
Completed 200 OK in 72ms (Views: 67.3ms | ActiveRecord: 0.4ms)


Started GET "/posts/1" for 127.0.0.1 at 2018-03-25 18:09:47 +0530
Processing by PostsController#show as HTML
  Parameters: {"id"=>"1"}
  [1m[36mPost Load (0.4ms)[0m  [1m[34mSELECT  "posts".* FROM "posts" WHERE "posts"."id" = $1 LIMIT $2[0m  [["id", 1], ["LIMIT", 1]]
  Rendering posts/show.html.erb within layouts/application
  Rendered posts/show.html.erb within layouts/application (1.1ms)
Completed 200 OK in 56ms (Views: 52.3ms | ActiveRecord: 0.4ms)


Started GET "/posts" for 127.0.0.1 at 2018-03-25 18:24:52 +0530
Processing by PostsController#index as HTML
  Rendering posts/index.html.erb within layouts/application
  [1m[36mPost Load (0.5ms)[0m  [1m[34mSELECT "posts".* FROM "posts"[0m
  Rendered posts/index.html.erb within layouts/application (3.8ms)
Completed 200 OK in 326ms (Views: 294.9ms | ActiveRecord: 0.5ms)


Started GET "/posts/new" for 127.0.0.1 at 2018-03-25 18:24:56 +0530
Processing by PostsController#new as HTML
  Rendering posts/new.html.erb within layouts/application
  Rendered posts/_form.html.erb (4.2ms)
  Rendered posts/new.html.erb within layouts/application (6.4ms)
Completed 200 OK in 54ms (Views: 26.2ms | ActiveRecord: 0.0ms)


Started GET "/posts/1/edit" for 127.0.0.1 at 2018-03-25 18:25:10 +0530
Processing by PostsController#edit as HTML
  Parameters: {"id"=>"1"}
  [1m[36mPost Load (0.5ms)[0m  [1m[34mSELECT  "posts".* FROM "posts" WHERE "posts"."id" = $1 LIMIT $2[0m  [["id", 1], ["LIMIT", 1]]
  Rendering posts/edit.html.erb within layouts/application
  Rendered posts/_form.html.erb (3.0ms)
  Rendered posts/edit.html.erb within layouts/application (5.2ms)
Completed 200 OK in 56ms (Views: 24.5ms | ActiveRecord: 0.5ms)


Started GET "/posts/new" for 127.0.0.1 at 2018-03-25 18:40:32 +0530
Processing by PostsController#new as HTML
  Rendering posts/new.html.erb within layouts/application
  Rendered posts/_form.html.erb (3.4ms)
  Rendered posts/new.html.erb within layouts/application (5.5ms)
Completed 200 OK in 231ms (Views: 205.0ms | ActiveRecord: 9.7ms)


Started GET "/posts" for 127.0.0.1 at 2018-03-25 18:40:33 +0530
Processing by PostsController#index as HTML
  Rendering posts/index.html.erb within layouts/application
  [1m[36mPost Load (1.2ms)[0m  [1m[34mSELECT "posts".* FROM "posts"[0m
  Rendered posts/index.html.erb within layouts/application (6.3ms)
Completed 200 OK in 36ms (Views: 31.3ms | ActiveRecord: 1.2ms)


Started GET "/" for 127.0.0.1 at 2018-03-25 18:43:54 +0530
Processing by Rails::WelcomeController#index as HTML
  Rendering /Users/krishnauppili/.rvm/gems/ruby-2.4.1/gems/railties-5.1.5/lib/rails/templates/rails/welcome/index.html.erb
  Rendered /Users/krishnauppili/.rvm/gems/ruby-2.4.1/gems/railties-5.1.5/lib/rails/templates/rails/welcome/index.html.erb (4.7ms)
Completed 200 OK in 63ms (Views: 9.8ms | ActiveRecord: 0.0ms)


Started GET "/posts" for 127.0.0.1 at 2018-03-25 18:46:09 +0530
Processing by PostsController#index as HTML
  Rendering posts/index.html.erb within layouts/application
  [1m[36mPost Load (0.9ms)[0m  [1m[34mSELECT "posts".* FROM "posts"[0m
  Rendered posts/index.html.erb within layouts/application (13.5ms)
Completed 200 OK in 486ms (Views: 424.3ms | ActiveRecord: 0.9ms)


Started GET "/posts/1/edit" for 127.0.0.1 at 2018-03-25 18:46:30 +0530
Processing by PostsController#edit as HTML
  Parameters: {"id"=>"1"}
  [1m[36mPost Load (0.6ms)[0m  [1m[34mSELECT  "posts".* FROM "posts" WHERE "posts"."id" = $1 LIMIT $2[0m  [["id", 1], ["LIMIT", 1]]
  Rendering posts/edit.html.erb within layouts/application
  Rendered posts/_form.html.erb (4.7ms)
  Rendered posts/edit.html.erb within layouts/application (8.1ms)
Completed 200 OK in 79ms (Views: 32.7ms | ActiveRecord: 0.6ms)


Started GET "/posts/new" for 127.0.0.1 at 2018-03-25 18:46:33 +0530
Processing by PostsController#new as HTML
  Rendering posts/new.html.erb within layouts/application
  Rendered posts/_form.html.erb (5.4ms)
  Rendered posts/new.html.erb within layouts/application (9.3ms)
Completed 200 OK in 58ms (Views: 53.6ms | ActiveRecord: 0.0ms)


Started GET "/posts/new" for 127.0.0.1 at 2018-03-25 19:12:14 +0530
  
SyntaxError (/Users/krishnauppili/digiryte_task/app/controllers/posts_controller.rb:67: syntax error, unexpected ']', expecting ')'
      @post = Post.find(p]arams[:id])
                          ^
/Users/krishnauppili/digiryte_task/app/controllers/posts_controller.rb:67: syntax error, unexpected ')', expecting keyword_end
post = Post.find(p]arams[:id])
                              ^
/Users/krishnauppili/digiryte_task/app/controllers/posts_controller.rb:74: syntax error, unexpected end-of-input, expecting keyword_end):
  
app/controllers/posts_controller.rb:67: syntax error, unexpected ']', expecting ')'
app/controllers/posts_controller.rb:67: syntax error, unexpected ')', expecting keyword_end
app/controllers/posts_controller.rb:74: syntax error, unexpected end-of-input, expecting keyword_end
Started GET "/posts" for 127.0.0.1 at 2018-03-25 19:12:15 +0530
  
SyntaxError (/Users/krishnauppili/digiryte_task/app/controllers/posts_controller.rb:67: syntax error, unexpected ']', expecting ')'
      @post = Post.find(p]arams[:id])
                          ^
/Users/krishnauppili/digiryte_task/app/controllers/posts_controller.rb:67: syntax error, unexpected ')', expecting keyword_end
post = Post.find(p]arams[:id])
                              ^
/Users/krishnauppili/digiryte_task/app/controllers/posts_controller.rb:74: syntax error, unexpected end-of-input, expecting keyword_end):
  
app/controllers/posts_controller.rb:67: syntax error, unexpected ']', expecting ')'
app/controllers/posts_controller.rb:67: syntax error, unexpected ')', expecting keyword_end
app/controllers/posts_controller.rb:74: syntax error, unexpected end-of-input, expecting keyword_end
Started GET "/posts" for 127.0.0.1 at 2018-03-25 19:12:53 +0530
  
SyntaxError (/Users/krishnauppili/digiryte_task/app/controllers/posts_controller.rb:67: syntax error, unexpected ']', expecting ')'
      @post = Post.find(p]arams[:id])
                          ^
/Users/krishnauppili/digiryte_task/app/controllers/posts_controller.rb:67: syntax error, unexpected ')', expecting keyword_end
post = Post.find(p]arams[:id])
                              ^
/Users/krishnauppili/digiryte_task/app/controllers/posts_controller.rb:74: syntax error, unexpected end-of-input, expecting keyword_end):
  
app/controllers/posts_controller.rb:67: syntax error, unexpected ']', expecting ')'
app/controllers/posts_controller.rb:67: syntax error, unexpected ')', expecting keyword_end
app/controllers/posts_controller.rb:74: syntax error, unexpected end-of-input, expecting keyword_end
Started GET "/posts" for 127.0.0.1 at 2018-03-25 19:13:14 +0530
Processing by PostsController#index as HTML
  Rendering posts/index.html.erb within layouts/application
  [1m[36mPost Load (0.8ms)[0m  [1m[34mSELECT "posts".* FROM "posts"[0m
  Rendered posts/index.html.erb within layouts/application (20.4ms)
Completed 200 OK in 202ms (Views: 154.8ms | ActiveRecord: 10.2ms)


Started GET "/posts/new" for 127.0.0.1 at 2018-03-25 19:13:16 +0530
Processing by PostsController#new as HTML
  Rendering posts/new.html.erb within layouts/application
  Rendered posts/_form.html.erb (3.6ms)
  Rendered posts/new.html.erb within layouts/application (5.8ms)
Completed 200 OK in 60ms (Views: 23.7ms | ActiveRecord: 0.0ms)


Started GET "/posts" for 127.0.0.1 at 2018-03-25 19:13:17 +0530
Processing by PostsController#index as HTML
  Rendering posts/index.html.erb within layouts/application
  [1m[36mPost Load (0.6ms)[0m  [1m[34mSELECT "posts".* FROM "posts"[0m
  Rendered posts/index.html.erb within layouts/application (4.3ms)
Completed 200 OK in 32ms (Views: 27.9ms | ActiveRecord: 0.6ms)


Started GET "/posts/new" for 127.0.0.1 at 2018-03-25 19:14:04 +0530
Processing by PostsController#new as HTML
  Rendering posts/new.html.erb within layouts/application
  Rendered posts/_form.html.erb (3.5ms)
  Rendered posts/new.html.erb within layouts/application (6.5ms)
Completed 200 OK in 32ms (Views: 29.2ms | ActiveRecord: 0.0ms)


Started GET "/posts/new" for 127.0.0.1 at 2018-03-25 19:36:50 +0530
Processing by PostsController#new as HTML
  Rendering posts/new.html.erb within layouts/application
  Rendered posts/_form.html.erb (15.2ms)
  Rendered posts/new.html.erb within layouts/application (21.7ms)
Completed 200 OK in 268ms (Views: 223.2ms | ActiveRecord: 0.0ms)


Started GET "/posts" for 127.0.0.1 at 2018-03-25 19:45:11 +0530
Processing by PostsController#index as HTML
  Rendering posts/index.html.erb within layouts/application
  [1m[36mPost Load (1.0ms)[0m  [1m[34mSELECT "posts".* FROM "posts"[0m
  Rendered posts/index.html.erb within layouts/application (10.1ms)
Completed 200 OK in 237ms (Views: 206.8ms | ActiveRecord: 1.0ms)


Started GET "/posts/1/edit" for 127.0.0.1 at 2018-03-25 19:45:14 +0530
Processing by PostsController#edit as HTML
  Parameters: {"id"=>"1"}
  [1m[36mPost Load (0.6ms)[0m  [1m[34mSELECT  "posts".* FROM "posts" WHERE "posts"."id" = $1 LIMIT $2[0m  [["id", 1], ["LIMIT", 1]]
  Rendering posts/edit.html.erb within layouts/application
  Rendered posts/_form.html.erb (4.4ms)
  Rendered posts/edit.html.erb within layouts/application (18.0ms)
Completed 200 OK in 114ms (Views: 50.4ms | ActiveRecord: 0.6ms)


Started GET "/posts/1" for 127.0.0.1 at 2018-03-25 19:45:27 +0530
Processing by PostsController#show as HTML
  Parameters: {"id"=>"1"}
  [1m[36mPost Load (0.4ms)[0m  [1m[34mSELECT  "posts".* FROM "posts" WHERE "posts"."id" = $1 LIMIT $2[0m  [["id", 1], ["LIMIT", 1]]
  Rendering posts/show.html.erb within layouts/application
  Rendered posts/show.html.erb within layouts/application (27.8ms)
Completed 200 OK in 184ms (Views: 156.8ms | ActiveRecord: 0.4ms)


Started GET "/posts" for 127.0.0.1 at 2018-03-25 19:45:29 +0530
Processing by PostsController#index as HTML
  Rendering posts/index.html.erb within layouts/application
  [1m[36mPost Load (0.4ms)[0m  [1m[34mSELECT "posts".* FROM "posts"[0m
  Rendered posts/index.html.erb within layouts/application (3.1ms)
Completed 200 OK in 52ms (Views: 22.6ms | ActiveRecord: 0.4ms)


Started GET "/posts/new" for 127.0.0.1 at 2018-03-25 20:03:49 +0530
Processing by PostsController#new as HTML
  Rendering posts/new.html.erb within layouts/application
  Rendered posts/_form.html.erb (15.9ms)
  Rendered posts/new.html.erb within layouts/application (22.0ms)
Completed 200 OK in 270ms (Views: 234.2ms | ActiveRecord: 0.0ms)


Started POST "/posts" for 127.0.0.1 at 2018-03-25 20:03:56 +0530
Processing by PostsController#create as HTML
  Parameters: {"utf8"=>"✓", "authenticity_token"=>"eVFKZsxZoYnsj3g8wDsXWsBw8Mnl/9NtL+Mp63ZZUSrCFliJur2iTRmAlxLOwi431se+lFmNSFMpqPESKeuNzQ==", "post"=>{"name"=>"test3", "comment"=>"testcomment3"}, "commit"=>"Create Post"}
  [1m[35m (0.4ms)[0m  [1m[35mBEGIN[0m
  [1m[35mSQL (1.1ms)[0m  [1m[32mINSERT INTO "posts" ("name", "comment", "created_at", "updated_at") VALUES ($1, $2, $3, $4) RETURNING "id"[0m  [["name", "test3"], ["comment", "testcomment3"], ["created_at", "2018-03-25 14:33:56.591842"], ["updated_at", "2018-03-25 14:33:56.591842"]]
  [1m[35m (0.6ms)[0m  [1m[35mCOMMIT[0m
Redirected to http://localhost:3000/posts/3
Completed 302 Found in 17ms (ActiveRecord: 2.1ms)


Started GET "/posts/3" for 127.0.0.1 at 2018-03-25 20:03:56 +0530
Processing by PostsController#show as HTML
  Parameters: {"id"=>"3"}
  [1m[36mPost Load (0.4ms)[0m  [1m[34mSELECT  "posts".* FROM "posts" WHERE "posts"."id" = $1 LIMIT $2[0m  [["id", 3], ["LIMIT", 1]]
  Rendering posts/show.html.erb within layouts/application
  Rendered posts/show.html.erb within layouts/application (1.7ms)
Completed 200 OK in 166ms (Views: 134.7ms | ActiveRecord: 0.4ms)


Started GET "/posts/3/edit" for 127.0.0.1 at 2018-03-25 20:04:15 +0530
Processing by PostsController#edit as HTML
  Parameters: {"id"=>"3"}
  [1m[36mPost Load (0.4ms)[0m  [1m[34mSELECT  "posts".* FROM "posts" WHERE "posts"."id" = $1 LIMIT $2[0m  [["id", 3], ["LIMIT", 1]]
  Rendering posts/edit.html.erb within layouts/application
  Rendered posts/_form.html.erb (5.0ms)
  Rendered posts/edit.html.erb within layouts/application (9.8ms)
Completed 200 OK in 163ms (Views: 134.3ms | ActiveRecord: 0.4ms)


Started GET "/posts" for 127.0.0.1 at 2018-03-25 20:04:20 +0530
Processing by PostsController#index as HTML
  Rendering posts/index.html.erb within layouts/application
  [1m[36mPost Load (0.4ms)[0m  [1m[34mSELECT "posts".* FROM "posts"[0m
  Rendered posts/index.html.erb within layouts/application (3.5ms)
Completed 200 OK in 52ms (Views: 33.8ms | ActiveRecord: 0.4ms)


Started GET "/posts/new" for 127.0.0.1 at 2018-03-25 20:04:26 +0530
Processing by PostsController#new as HTML
  Rendering posts/new.html.erb within layouts/application
  Rendered posts/_form.html.erb (3.8ms)
  Rendered posts/new.html.erb within layouts/application (6.4ms)
Completed 200 OK in 61ms (Views: 31.5ms | ActiveRecord: 0.0ms)


Started GET "/posts/3" for 127.0.0.1 at 2018-03-25 20:04:29 +0530
Processing by PostsController#show as HTML
  Parameters: {"id"=>"3"}
  [1m[36mPost Load (2.5ms)[0m  [1m[34mSELECT  "posts".* FROM "posts" WHERE "posts"."id" = $1 LIMIT $2[0m  [["id", 3], ["LIMIT", 1]]
  Rendering posts/show.html.erb within layouts/application
  Rendered posts/show.html.erb within layouts/application (1.2ms)
Completed 200 OK in 62ms (Views: 23.4ms | ActiveRecord: 2.5ms)


Started GET "/posts/new" for 127.0.0.1 at 2018-03-25 20:12:14 +0530
Processing by PostsController#new as HTML
  Rendering posts/new.html.erb within layouts/application
  Rendered posts/_form.html.erb (7.6ms)
  Rendered posts/new.html.erb within layouts/application (11.2ms)
Completed 200 OK in 271ms (Views: 235.1ms | ActiveRecord: 0.0ms)


Started POST "/posts" for 127.0.0.1 at 2018-03-25 20:12:26 +0530
Processing by PostsController#create as HTML
  Parameters: {"utf8"=>"✓", "authenticity_token"=>"cx/SFVDpDSK7gqKiJCaiKmCeD7fKp+eE2URJPAB+KiTIWMD6Jg0O5k6NTYwq35tHdilB6nbVfLrfD5HFX8z2ww==", "post"=>{"name"=>"test4", "comment"=>"testcomment4"}, "commit"=>"Create Post"}
  [1m[35m (0.5ms)[0m  [1m[35mBEGIN[0m
  [1m[35mSQL (1.0ms)[0m  [1m[32mINSERT INTO "posts" ("name", "comment", "created_at", "updated_at") VALUES ($1, $2, $3, $4) RETURNING "id"[0m  [["name", "test4"], ["comment", "testcomment4"], ["created_at", "2018-03-25 14:42:26.200058"], ["updated_at", "2018-03-25 14:42:26.200058"]]
  [1m[35m (0.6ms)[0m  [1m[35mCOMMIT[0m
Redirected to http://localhost:3000/posts/4
Completed 302 Found in 21ms (ActiveRecord: 2.2ms)


Started GET "/posts/4" for 127.0.0.1 at 2018-03-25 20:12:26 +0530
Processing by PostsController#show as HTML
  Parameters: {"id"=>"4"}
  [1m[36mPost Load (0.4ms)[0m  [1m[34mSELECT  "posts".* FROM "posts" WHERE "posts"."id" = $1 LIMIT $2[0m  [["id", 4], ["LIMIT", 1]]
  Rendering posts/show.html.erb within layouts/application
  Rendered posts/show.html.erb within layouts/application (1.6ms)
Completed 200 OK in 171ms (Views: 137.8ms | ActiveRecord: 0.4ms)


Started GET "/posts/4/edit" for 127.0.0.1 at 2018-03-25 20:14:59 +0530
Processing by PostsController#edit as HTML
  Parameters: {"id"=>"4"}
  [1m[36mPost Load (0.4ms)[0m  [1m[34mSELECT  "posts".* FROM "posts" WHERE "posts"."id" = $1 LIMIT $2[0m  [["id", 4], ["LIMIT", 1]]
  Rendering posts/edit.html.erb within layouts/application
  Rendered posts/_form.html.erb (6.6ms)
  Rendered posts/edit.html.erb within layouts/application (10.8ms)
Completed 200 OK in 247ms (Views: 201.4ms | ActiveRecord: 0.4ms)


Started GET "/posts" for 127.0.0.1 at 2018-03-25 20:15:39 +0530
Processing by PostsController#index as HTML
  Rendering posts/index.html.erb within layouts/application
  [1m[36mPost Load (0.7ms)[0m  [1m[34mSELECT "posts".* FROM "posts"[0m
  Rendered posts/index.html.erb within layouts/application (5.3ms)
Completed 200 OK in 226ms (Views: 194.6ms | ActiveRecord: 0.7ms)


Started GET "/posts/2/edit" for 127.0.0.1 at 2018-03-25 20:16:44 +0530
Processing by PostsController#edit as HTML
  Parameters: {"id"=>"2"}
  [1m[36mPost Load (0.3ms)[0m  [1m[34mSELECT  "posts".* FROM "posts" WHERE "posts"."id" = $1 LIMIT $2[0m  [["id", 2], ["LIMIT", 1]]
  Rendering posts/edit.html.erb within layouts/application
  Rendered posts/_form.html.erb (3.5ms)
  Rendered posts/edit.html.erb within layouts/application (6.3ms)
Completed 200 OK in 226ms (Views: 190.3ms | ActiveRecord: 0.3ms)


Started GET "/posts/3/edit" for 127.0.0.1 at 2018-03-25 20:16:54 +0530
Processing by PostsController#edit as HTML
  Parameters: {"id"=>"3"}
  [1m[36mPost Load (0.3ms)[0m  [1m[34mSELECT  "posts".* FROM "posts" WHERE "posts"."id" = $1 LIMIT $2[0m  [["id", 3], ["LIMIT", 1]]
  Rendering posts/edit.html.erb within layouts/application
  Rendered posts/_form.html.erb (3.5ms)
  Rendered posts/edit.html.erb within layouts/application (6.7ms)
Completed 200 OK in 34ms (Views: 29.0ms | ActiveRecord: 0.3ms)


Started GET "/posts/4/edit" for 127.0.0.1 at 2018-03-25 20:16:57 +0530
Processing by PostsController#edit as HTML
  Parameters: {"id"=>"4"}
  [1m[36mPost Load (0.4ms)[0m  [1m[34mSELECT  "posts".* FROM "posts" WHERE "posts"."id" = $1 LIMIT $2[0m  [["id", 4], ["LIMIT", 1]]
  Rendering posts/edit.html.erb within layouts/application
  Rendered posts/_form.html.erb (3.9ms)
  Rendered posts/edit.html.erb within layouts/application (7.6ms)
Completed 200 OK in 36ms (Views: 29.7ms | ActiveRecord: 0.4ms)


Started GET "/posts/4/edit" for 127.0.0.1 at 2018-03-25 20:17:04 +0530
Processing by PostsController#edit as HTML
  Parameters: {"id"=>"4"}
  [1m[36mPost Load (0.3ms)[0m  [1m[34mSELECT  "posts".* FROM "posts" WHERE "posts"."id" = $1 LIMIT $2[0m  [["id", 4], ["LIMIT", 1]]
  Rendering posts/edit.html.erb within layouts/application
  Rendered posts/_form.html.erb (2.5ms)
  Rendered posts/edit.html.erb within layouts/application (4.6ms)
Completed 200 OK in 27ms (Views: 23.2ms | ActiveRecord: 0.3ms)


